2023-12-07T19:21:00+00:00 Larriyahs-MacBook-Pro.local#02 I: Start test suite:1:parse_neg.
2023-12-07T19:21:00+00:00 Larriyahs-MacBook-Pro.local#02 I: Test suite:1:parse_neg is successful.
2023-12-07T19:21:00+00:00 Larriyahs-MacBook-Pro.local#02 I: End test suite:1:parse_neg.
2023-12-07T19:21:00+00:00 Larriyahs-MacBook-Pro.local#02 I: Start test suite:3:parse_leq.
2023-12-07T19:21:00+00:00 Larriyahs-MacBook-Pro.local#02 I: Test suite:3:parse_leq is successful.
2023-12-07T19:21:00+00:00 Larriyahs-MacBook-Pro.local#02 I: End test suite:3:parse_leq.
2023-12-07T19:21:00+00:00 Larriyahs-MacBook-Pro.local#02 I: Start test suite:5:parsing_if.
2023-12-07T19:21:00+00:00 Larriyahs-MacBook-Pro.local#02 I: Test suite:5:parsing_if is successful.
2023-12-07T19:21:00+00:00 Larriyahs-MacBook-Pro.local#02 I: End test suite:5:parsing_if.
2023-12-07T19:21:00+00:00 Larriyahs-MacBook-Pro.local#02 I: Start test suite:7:parse_float.
2023-12-07T19:21:00+00:00 Larriyahs-MacBook-Pro.local#02 I: Test suite:7:parse_float is successful.
2023-12-07T19:21:00+00:00 Larriyahs-MacBook-Pro.local#02 I: End test suite:7:parse_float.
2023-12-07T19:21:00+00:00 Larriyahs-MacBook-Pro.local#02 I: Start test suite:9:parse_addf.
2023-12-07T19:21:00+00:00 Larriyahs-MacBook-Pro.local#02 I: Test suite:9:parse_addf is successful.
2023-12-07T19:21:00+00:00 Larriyahs-MacBook-Pro.local#02 I: End test suite:9:parse_addf.
2023-12-07T19:21:00+00:00 Larriyahs-MacBook-Pro.local#02 I: Start test suite:11:int.
2023-12-07T19:21:00+00:00 Larriyahs-MacBook-Pro.local#02 I: Test suite:11:int is successful.
2023-12-07T19:21:00+00:00 Larriyahs-MacBook-Pro.local#02 I: End test suite:11:int.
2023-12-07T19:21:00+00:00 Larriyahs-MacBook-Pro.local#02 I: Start test suite:13:add.
2023-12-07T19:21:00+00:00 Larriyahs-MacBook-Pro.local#02 I: Test suite:13:add is successful.
2023-12-07T19:21:00+00:00 Larriyahs-MacBook-Pro.local#02 I: End test suite:13:add.
2023-12-07T19:21:00+00:00 Larriyahs-MacBook-Pro.local#02 I: Start test suite:15:adds.
2023-12-07T19:21:00+00:00 Larriyahs-MacBook-Pro.local#02 I: Test suite:15:adds is successful.
2023-12-07T19:21:00+00:00 Larriyahs-MacBook-Pro.local#02 I: End test suite:15:adds.
2023-12-07T19:21:00+00:00 Larriyahs-MacBook-Pro.local#02 I: Start test suite:17:let.
2023-12-07T19:21:00+00:00 Larriyahs-MacBook-Pro.local#02 I: Test suite:17:let is successful.
2023-12-07T19:21:00+00:00 Larriyahs-MacBook-Pro.local#02 I: End test suite:17:let.
2023-12-07T19:21:00+00:00 Larriyahs-MacBook-Pro.local#02 I: Start test suite:19:lets.
2023-12-07T19:21:00+00:00 Larriyahs-MacBook-Pro.local#02 I: Test suite:19:lets is successful.
2023-12-07T19:21:00+00:00 Larriyahs-MacBook-Pro.local#02 I: End test suite:19:lets.
2023-12-07T19:21:00+00:00 Larriyahs-MacBook-Pro.local#02 I: Start test suite:21:mul1.
2023-12-07T19:21:00+00:00 Larriyahs-MacBook-Pro.local#02 I: Test suite:21:mul1 is successful.
2023-12-07T19:21:00+00:00 Larriyahs-MacBook-Pro.local#02 I: End test suite:21:mul1.
2023-12-07T19:21:00+00:00 Larriyahs-MacBook-Pro.local#02 I: Start test suite:23:mul2.
2023-12-07T19:21:00+00:00 Larriyahs-MacBook-Pro.local#02 I: Test suite:23:mul2 is successful.
2023-12-07T19:21:00+00:00 Larriyahs-MacBook-Pro.local#02 I: End test suite:23:mul2.
2023-12-07T19:21:00+00:00 Larriyahs-MacBook-Pro.local#02 I: Start test suite:25:mul3.
2023-12-07T19:21:00+00:00 Larriyahs-MacBook-Pro.local#02 I: Test suite:25:mul3 is successful.
2023-12-07T19:21:00+00:00 Larriyahs-MacBook-Pro.local#02 I: End test suite:25:mul3.
2023-12-07T19:21:00+00:00 Larriyahs-MacBook-Pro.local#02 I: Start test suite:27:mul4.
2023-12-07T19:21:00+00:00 Larriyahs-MacBook-Pro.local#02 I: Test suite:27:mul4 is successful.
2023-12-07T19:21:00+00:00 Larriyahs-MacBook-Pro.local#02 I: End test suite:27:mul4.
2023-12-07T19:21:00+00:00 Larriyahs-MacBook-Pro.local#02 I: Start test suite:29:if1.
2023-12-07T19:21:00+00:00 Larriyahs-MacBook-Pro.local#02 I: Test suite:29:if1 is successful.
2023-12-07T19:21:00+00:00 Larriyahs-MacBook-Pro.local#02 I: End test suite:29:if1.
2023-12-07T19:21:00+00:00 Larriyahs-MacBook-Pro.local#02 I: Start test suite:31:true.
2023-12-07T19:21:00+00:00 Larriyahs-MacBook-Pro.local#02 I: Test suite:31:true is successful.
2023-12-07T19:21:00+00:00 Larriyahs-MacBook-Pro.local#02 I: End test suite:31:true.
2023-12-07T19:21:00+00:00 Larriyahs-MacBook-Pro.local#02 I: Start test suite:33:leq.
2023-12-07T19:21:00+00:00 Larriyahs-MacBook-Pro.local#02 I: Test suite:33:leq is successful.
2023-12-07T19:21:00+00:00 Larriyahs-MacBook-Pro.local#02 I: End test suite:33:leq.
2023-12-07T19:21:00+00:00 Larriyahs-MacBook-Pro.local#02 I: Start test suite:35:if2.
2023-12-07T19:21:00+00:00 Larriyahs-MacBook-Pro.local#02 I: Test suite:35:if2 is successful.
2023-12-07T19:21:00+00:00 Larriyahs-MacBook-Pro.local#02 I: End test suite:35:if2.
2023-12-07T19:21:00+00:00 Larriyahs-MacBook-Pro.local#02 I: Start test suite:37:if3.
2023-12-07T19:21:00+00:00 Larriyahs-MacBook-Pro.local#02 I: Test suite:37:if3 is successful.
2023-12-07T19:21:00+00:00 Larriyahs-MacBook-Pro.local#02 I: End test suite:37:if3.
2023-12-07T19:21:00+00:00 Larriyahs-MacBook-Pro.local#02 I: Start test suite:39:letif.
2023-12-07T19:21:00+00:00 Larriyahs-MacBook-Pro.local#02 I: Test suite:39:letif is successful.
2023-12-07T19:21:00+00:00 Larriyahs-MacBook-Pro.local#02 I: End test suite:39:letif.
2023-12-07T19:21:00+00:00 Larriyahs-MacBook-Pro.local#02 I: Start test suite:41:ty plus.
2023-12-07T19:21:00+00:00 Larriyahs-MacBook-Pro.local#02 I: Test suite:41:ty plus is successful.
2023-12-07T19:21:00+00:00 Larriyahs-MacBook-Pro.local#02 I: End test suite:41:ty plus.
2023-12-07T19:21:00+00:00 Larriyahs-MacBook-Pro.local#02 I: Start test suite:43:ty mult.
2023-12-07T19:21:00+00:00 Larriyahs-MacBook-Pro.local#02 I: Test suite:43:ty mult is successful.
2023-12-07T19:21:00+00:00 Larriyahs-MacBook-Pro.local#02 I: End test suite:43:ty mult.
2023-12-07T19:21:00+00:00 Larriyahs-MacBook-Pro.local#02 I: Start test suite:45:ty leq.
2023-12-07T19:21:00+00:00 Larriyahs-MacBook-Pro.local#02 I: Test suite:45:ty leq is successful.
2023-12-07T19:21:00+00:00 Larriyahs-MacBook-Pro.local#02 I: End test suite:45:ty leq.
2023-12-07T19:21:00+00:00 Larriyahs-MacBook-Pro.local#02 I: Start test suite:47:if guard.
2023-12-07T19:21:00+00:00 Larriyahs-MacBook-Pro.local#02 I: Test suite:47:if guard is successful.
2023-12-07T19:21:00+00:00 Larriyahs-MacBook-Pro.local#02 I: End test suite:47:if guard.
2023-12-07T19:21:00+00:00 Larriyahs-MacBook-Pro.local#02 I: Start test suite:49:if branch.
2023-12-07T19:21:00+00:00 Larriyahs-MacBook-Pro.local#02 I: Test suite:49:if branch is successful.
2023-12-07T19:21:00+00:00 Larriyahs-MacBook-Pro.local#02 I: End test suite:49:if branch.
2023-12-07T19:21:00+00:00 Larriyahs-MacBook-Pro.local#02 I: Start test suite:51:unbound.
2023-12-07T19:21:00+00:00 Larriyahs-MacBook-Pro.local#02 I: Test suite:51:unbound is successful.
2023-12-07T19:21:00+00:00 Larriyahs-MacBook-Pro.local#02 I: End test suite:51:unbound.
2023-12-07T19:21:00+00:00 Larriyahs-MacBook-Pro.local#02 I: Start test suite:53:power.
2023-12-07T19:21:00+00:00 Larriyahs-MacBook-Pro.local#02 I: Test suite:53:power is successful.
2023-12-07T19:21:00+00:00 Larriyahs-MacBook-Pro.local#02 I: End test suite:53:power.
2023-12-07T19:21:00+00:00 Larriyahs-MacBook-Pro.local#02 I: Start test suite:55:ty power.
2023-12-07T19:21:00+00:00 Larriyahs-MacBook-Pro.local#02 I: Test suite:55:ty power is successful.
2023-12-07T19:21:00+00:00 Larriyahs-MacBook-Pro.local#02 I: End test suite:55:ty power.
2023-12-07T19:21:00+00:00 Larriyahs-MacBook-Pro.local#02 I: Start test suite:57:let.
2023-12-07T19:21:00+00:00 Larriyahs-MacBook-Pro.local#02 I: Test suite:57:let is successful.
2023-12-07T19:21:00+00:00 Larriyahs-MacBook-Pro.local#02 I: End test suite:57:let.
2023-12-07T19:21:00+00:00 Larriyahs-MacBook-Pro.local#02 I: Start test suite:59:addf.
2023-12-07T19:21:00+00:00 Larriyahs-MacBook-Pro.local#02 I: Test suite:59:addf is successful.
2023-12-07T19:21:00+00:00 Larriyahs-MacBook-Pro.local#02 I: End test suite:59:addf.
2023-12-07T19:21:00+00:00 Larriyahs-MacBook-Pro.local#02 I: Start test suite:61:mulf1.
2023-12-07T19:21:00+00:00 Larriyahs-MacBook-Pro.local#02 I: Test suite:61:mulf1 is successful.
2023-12-07T19:21:00+00:00 Larriyahs-MacBook-Pro.local#02 I: End test suite:61:mulf1.
2023-12-07T19:21:00+00:00 Larriyahs-MacBook-Pro.local#02 I: Start test suite:64:mulf2.
2023-12-07T19:21:00+00:00 Larriyahs-MacBook-Pro.local#02 I: Test suite:64:mulf2 is successful.
2023-12-07T19:21:00+00:00 Larriyahs-MacBook-Pro.local#02 I: End test suite:64:mulf2.
2023-12-07T19:21:00+00:00 Larriyahs-MacBook-Pro.local#02 I: Start test suite:66:mul3.
2023-12-07T19:21:00+00:00 Larriyahs-MacBook-Pro.local#02 I: Test suite:66:mul3 is successful.
2023-12-07T19:21:00+00:00 Larriyahs-MacBook-Pro.local#02 I: End test suite:66:mul3.
